<?xml version="1.0" encoding="UTF-8"?>
<!-- Generated by org.testng.reporters.JUnitReportReporter -->
<testsuite hostname="Pavan" failures="0" tests="1" name="com.OrangeHRM.da" time="25.242" errors="0" timestamp="2022-07-02T22:07:36 IST" skipped="0">
  <testcase classname="com.OrangeHRM.da" name="Launch" time="25.242"/>
  <system-out/>
</testsuite> <!-- com.OrangeHRM.da -->
