<?xml version="1.0" encoding="UTF-8"?>
<!-- Generated by org.testng.reporters.JUnitReportReporter -->
<testsuite hostname="Pavan" failures="0" tests="4" name="com.OrangeHRM.assrtionsPractice" time="16.365" errors="0" timestamp="2022-06-26T02:09:38 IST" skipped="1">
  <testcase classname="com.OrangeHRM.assrtionsPractice" name="LaunchBrowser" time="9.354"/>
  <system-out/>
  <testcase classname="com.OrangeHRM.assrtionsPractice" name="verifyLogin" time="0.362"/>
  <system-out/>
  <testcase classname="com.OrangeHRM.assrtionsPractice" name="EnterLoginCredentials" time="6.649"/>
  <system-out/>
  <testcase classname="com.OrangeHRM.assrtionsPractice" name="verifyMyInfo">
    <skipped/>
  </testcase> <!-- verifyMyInfo -->
  <system-out/>
</testsuite> <!-- com.OrangeHRM.assrtionsPractice -->
