<?xml version="1.0" encoding="UTF-8"?>
<!-- Generated by org.testng.reporters.JUnitReportReporter -->
<testsuite hostname="Pavan" failures="0" tests="1" name="dataSuppliers.ExcelDataSupplier" time="0.015" errors="0" timestamp="2022-06-29T17:55:27 IST" skipped="0">
  <testcase classname="dataSuppliers.ExcelDataSupplier" name="dataSupplier" time="0.015"/>
  <system-out/>
</testsuite> <!-- dataSuppliers.ExcelDataSupplier -->
