<?xml version="1.0" encoding="UTF-8"?>
<!-- Generated by org.testng.reporters.JUnitReportReporter -->
<testsuite hostname="Pavan" failures="0" tests="1" name="screenshots.TestGoogle" time="6.104" errors="0" timestamp="2022-12-07T15:44:12 IST" skipped="0">
  <testcase classname="screenshots.TestGoogle" name="TestGoogleMethod" time="6.104"/>
  <system-out/>
</testsuite> <!-- screenshots.TestGoogle -->
