<?xml version="1.0" encoding="UTF-8"?>
<!-- Generated by org.testng.reporters.JUnitReportReporter -->
<testsuite hostname="Pavan" failures="0" tests="1" name="screenshots.TestGoogle" time="25.706" errors="0" timestamp="2022-12-20T15:59:29 IST" skipped="0">
  <testcase classname="screenshots.TestGoogle" name="TestGoogleMethod" time="25.706"/>
  <system-out/>
</testsuite> <!-- screenshots.TestGoogle -->
