<?xml version="1.0" encoding="UTF-8"?>
<!-- Generated by org.testng.reporters.JUnitReportReporter -->
<testsuite hostname="Pavan" failures="0" tests="1" name="com.TestCases.TestGoogle" time="109.453" errors="0" timestamp="2022-12-20T15:43:08 IST" skipped="0">
  <testcase classname="com.TestCases.TestGoogle" name="googleSearch" time="109.453"/>
  <system-out/>
</testsuite> <!-- com.TestCases.TestGoogle -->
